byspotify.com
pscdn.co
spotify.com
scdn.co
spotifycdn.com
tospotify.com
byspotify.com
spotify.dev
anchor.fm
spoti.fi
spotify-everywhere.com
spotify.design
spotifycdn.com
spotifycdn.net
spotifycharts.com
spotifycodes.com
spotifyforbrands.com
spotifyjobs.com
spotify.link
audio-ak-spotify-com.akamaized.net
audio4-ak-spotify-com.akamaized.net
cdn-spotify-experiments.conductrics.com
heads-ak-spotify-com.akamaized.net
heads4-ak-spotify-com.akamaized.net
spotify.com.edgesuite.net
spotify.map.fastly.net
spotify.map.fastlylb.net
adeventtracker.spotify.com
adstudio-assets.scdn.co
bloodhound.spotify.com
